C:\Users\Kyle Keebler\Documents\COLLAB\Debug\cl.command.1.tlog
C:\Users\Kyle Keebler\Documents\COLLAB\Debug\CL.read.1.tlog
C:\Users\Kyle Keebler\Documents\COLLAB\Debug\CL.write.1.tlog
C:\USERS\KYLE KEEBLER\DOCUMENTS\COLLAB\DEBUG\GAMECOLLAB.EXE
C:\USERS\KYLE KEEBLER\DOCUMENTS\COLLAB\DEBUG\GAMECOLLAB.EXE.INTERMEDIATE.MANIFEST
C:\USERS\KYLE KEEBLER\DOCUMENTS\COLLAB\DEBUG\GAMECOLLAB.ILK
C:\USERS\KYLE KEEBLER\DOCUMENTS\COLLAB\DEBUG\GAMECOLLAB.PDB
C:\USERS\KYLE KEEBLER\DOCUMENTS\COLLAB\DEBUG\GRID.OBJ
C:\Users\Kyle Keebler\Documents\COLLAB\Debug\link.command.1.tlog
C:\Users\Kyle Keebler\Documents\COLLAB\Debug\link.read.1.tlog
C:\Users\Kyle Keebler\Documents\COLLAB\Debug\link.write.1.tlog
C:\USERS\KYLE KEEBLER\DOCUMENTS\COLLAB\DEBUG\MAIN.OBJ
C:\Users\Kyle Keebler\Documents\COLLAB\Debug\mt.command.1.tlog
C:\Users\Kyle Keebler\Documents\COLLAB\Debug\mt.read.1.tlog
C:\Users\Kyle Keebler\Documents\COLLAB\Debug\mt.write.1.tlog
C:\USERS\KYLE KEEBLER\DOCUMENTS\COLLAB\DEBUG\PLAYER.OBJ
C:\USERS\KYLE KEEBLER\DOCUMENTS\COLLAB\DEBUG\POINT.OBJ
C:\USERS\KYLE KEEBLER\DOCUMENTS\COLLAB\DEBUG\SCREEN.OBJ
C:\USERS\KYLE KEEBLER\DOCUMENTS\COLLAB\DEBUG\TEXTURES.OBJ
C:\Users\Kyle Keebler\Documents\COLLAB\Debug\vc100.idb
C:\USERS\KYLE KEEBLER\DOCUMENTS\COLLAB\DEBUG\VC100.PDB
